[14:47:27] Configuring KUnit Kernel ...
Generating .config ...
Populating config with:
$ make ARCH=um O=.kunit olddefconfig
[14:47:28] Building KUnit Kernel ...
Populating config with:
$ make ARCH=um O=.kunit olddefconfig
Building with:
$ make ARCH=um O=.kunit --jobs=32
/usr/bin/ld: warning: .tmp_vmlinux.kallsyms1 has a LOAD segment with RWX permissions
/usr/bin/ld: warning: .tmp_vmlinux.kallsyms2 has a LOAD segment with RWX permissions
/usr/bin/ld: warning: vmlinux has a LOAD segment with RWX permissions

[14:47:38] Starting KUnit Kernel (1/1)...
[14:47:38] ============================================================
[14:47:38] =============== time_test_cases (1 subtest) ================
[14:47:38] [PASSED] time64_to_tm_test_date_range
[14:47:38] ================= [PASSED] time_test_cases =================
[14:47:38] ================== resource (2 subtests) ===================
[14:47:38] [PASSED] resource_test_union
[14:47:38] [PASSED] resource_test_intersection
[14:47:38] ==================== [PASSED] resource =====================
[14:47:38] ================ sysctl_test (10 subtests) =================
[14:47:38] [PASSED] sysctl_test_api_dointvec_null_tbl_data
[14:47:38] [PASSED] sysctl_test_api_dointvec_table_maxlen_unset
[14:47:38] [PASSED] sysctl_test_api_dointvec_table_len_is_zero
[14:47:38] [PASSED] sysctl_test_api_dointvec_table_read_but_position_set
[14:47:38] [PASSED] sysctl_test_dointvec_read_happy_single_positive
[14:47:38] [PASSED] sysctl_test_dointvec_read_happy_single_negative
[14:47:38] [PASSED] sysctl_test_dointvec_write_happy_single_positive
[14:47:38] [PASSED] sysctl_test_dointvec_write_happy_single_negative
[14:47:38] [PASSED] sysctl_test_api_dointvec_write_single_less_int_min
[14:47:38] [PASSED] sysctl_test_api_dointvec_write_single_greater_int_max
[14:47:38] =================== [PASSED] sysctl_test ===================
[14:47:38] ================== binfmt_elf (1 subtest) ==================
[14:47:38] [PASSED] total_mapping_size_test
[14:47:38] =================== [PASSED] binfmt_elf ====================
[14:47:38] =================== cpumask (6 subtests) ===================
[14:47:38] [PASSED] test_cpumask_weight
[14:47:38] [PASSED] test_cpumask_first
[14:47:38] [PASSED] test_cpumask_last
[14:47:38] [PASSED] test_cpumask_next
[14:47:38] [PASSED] test_cpumask_iterators
[14:47:38] [PASSED] test_cpumask_iterators_builtin
[14:47:38] ===================== [PASSED] cpumask =====================
[14:47:38] ==================== hash (2 subtests) =====================
[14:47:38] [PASSED] test_string_or
[14:47:38] [PASSED] test_hash_or
[14:47:38] ====================== [PASSED] hash =======================
[14:47:38] ================== list_sort (1 subtest) ===================
[14:47:38] [PASSED] list_sort_test
[14:47:38] ==================== [PASSED] list_sort ====================
[14:47:38] =================== lib_sort (1 subtest) ===================
[14:47:38] [PASSED] test_sort
[14:47:38] ==================== [PASSED] lib_sort =====================
[14:47:38] ============= kunit_executor_test (4 subtests) =============
[14:47:38] [PASSED] parse_filter_test
[14:47:38] [PASSED] filter_suites_test
[14:47:38] [PASSED] filter_suites_test_glob_test
[14:47:38] [PASSED] filter_suites_to_empty_test
[14:47:38] =============== [PASSED] kunit_executor_test ===============
[14:47:38] ============ kunit-try-catch-test (2 subtests) =============
[14:47:38] [PASSED] kunit_test_try_catch_successful_try_no_catch
[14:47:38] [PASSED] kunit_test_try_catch_unsuccessful_try_does_catch
[14:47:38] ============== [PASSED] kunit-try-catch-test ===============
[14:47:38] ============= kunit-resource-test (8 subtests) =============
[14:47:38] [PASSED] kunit_resource_test_init_resources
[14:47:38] [PASSED] kunit_resource_test_alloc_resource
[14:47:38] [PASSED] kunit_resource_test_destroy_resource
[14:47:38] [PASSED] kunit_resource_test_remove_resource
[14:47:38] [PASSED] kunit_resource_test_cleanup_resources
[14:47:38] [PASSED] kunit_resource_test_proper_free_ordering
[14:47:38] [PASSED] kunit_resource_test_static
[14:47:38] [PASSED] kunit_resource_test_named
[14:47:38] =============== [PASSED] kunit-resource-test ===============
[14:47:38] ================ kunit-log-test (1 subtest) ================
[14:47:38] [PASSED] kunit_log_test
[14:47:38] ================= [PASSED] kunit-log-test ==================
[14:47:38] ================ kunit_status (2 subtests) =================
[14:47:38] [PASSED] kunit_status_set_failure_test
[14:47:38] [PASSED] kunit_status_mark_skipped_test
[14:47:38] ================== [PASSED] kunit_status ===================
[14:47:38] ============= string-stream-test (3 subtests) ==============
[14:47:38] [PASSED] string_stream_test_empty_on_creation
[14:47:38] [PASSED] string_stream_test_not_empty_after_add
[14:47:38] [PASSED] string_stream_test_get_string
[14:47:38] =============== [PASSED] string-stream-test ================
[14:47:38] =================== example (4 subtests) ===================
[14:47:38] [PASSED] example_simple_test
[14:47:38] [SKIPPED] example_skip_test
[14:47:38] [SKIPPED] example_mark_skipped_test
[14:47:38] [PASSED] example_all_expect_macros_test
[14:47:38] ===================== [PASSED] example =====================
[14:47:38] ================== bitfields (2 subtests) ==================
[14:47:38] [PASSED] test_bitfields_constants
[14:47:38] [PASSED] test_bitfields_variables
[14:47:38] ==================== [PASSED] bitfields ====================
[14:47:38] ============== list-kunit-test (39 subtests) ===============
[14:47:38] [PASSED] list_test_list_init
[14:47:38] [PASSED] list_test_list_add
[14:47:38] [PASSED] list_test_list_add_tail
[14:47:38] [PASSED] list_test_list_del
[14:47:38] [PASSED] list_test_list_replace
[14:47:38] [PASSED] list_test_list_replace_init
[14:47:38] [PASSED] list_test_list_swap
[14:47:38] [PASSED] list_test_list_del_init
[14:47:38] [PASSED] list_test_list_del_init_careful
[14:47:38] [PASSED] list_test_list_move
[14:47:38] [PASSED] list_test_list_move_tail
[14:47:38] [PASSED] list_test_list_bulk_move_tail
[14:47:38] [PASSED] list_test_list_is_head
[14:47:38] [PASSED] list_test_list_is_first
[14:47:38] [PASSED] list_test_list_is_last
[14:47:38] [PASSED] list_test_list_empty
[14:47:38] [PASSED] list_test_list_empty_careful
[14:47:38] [PASSED] list_test_list_rotate_left
[14:47:38] [PASSED] list_test_list_rotate_to_front
[14:47:38] [PASSED] list_test_list_is_singular
[14:47:38] [PASSED] list_test_list_cut_position
[14:47:38] [PASSED] list_test_list_cut_before
[14:47:38] [PASSED] list_test_list_splice
[14:47:38] [PASSED] list_test_list_splice_tail
[14:47:38] [PASSED] list_test_list_splice_init
[14:47:38] [PASSED] list_test_list_splice_tail_init
[14:47:38] [PASSED] list_test_list_entry
[14:47:38] [PASSED] list_test_list_entry_is_head
[14:47:38] [PASSED] list_test_list_first_entry
[14:47:38] [PASSED] list_test_list_last_entry
[14:47:38] [PASSED] list_test_list_first_entry_or_null
[14:47:38] [PASSED] list_test_list_next_entry
[14:47:38] [PASSED] list_test_list_prev_entry
[14:47:38] [PASSED] list_test_list_for_each
[14:47:38] [PASSED] list_test_list_for_each_prev
[14:47:38] [PASSED] list_test_list_for_each_safe
[14:47:38] [PASSED] list_test_list_for_each_prev_safe
[14:47:38] [PASSED] list_test_list_for_each_entry
[14:47:38] [PASSED] list_test_list_for_each_entry_reverse
[14:47:38] ================= [PASSED] list-kunit-test =================
[14:47:38] =================== hlist (18 subtests) ====================
[14:47:38] [PASSED] hlist_test_init
[14:47:38] [PASSED] hlist_test_unhashed
[14:47:38] [PASSED] hlist_test_unhashed_lockless
[14:47:38] [PASSED] hlist_test_del
[14:47:38] [PASSED] hlist_test_del_init
[14:47:38] [PASSED] hlist_test_add
[14:47:38] [PASSED] hlist_test_fake
[14:47:38] [PASSED] hlist_test_is_singular_node
[14:47:38] [PASSED] hlist_test_empty
[14:47:38] [PASSED] hlist_test_move_list
[14:47:38] [PASSED] hlist_test_entry
[14:47:38] [PASSED] hlist_test_entry_safe
[14:47:38] [PASSED] hlist_test_for_each
[14:47:38] [PASSED] hlist_test_for_each_safe
[14:47:38] [PASSED] hlist_test_for_each_entry
[14:47:38] [PASSED] hlist_test_for_each_entry_continue
[14:47:38] [PASSED] hlist_test_for_each_entry_from
[14:47:38] [PASSED] hlist_test_for_each_entry_safe
[14:47:38] ====================== [PASSED] hlist ======================
[14:47:38] ================== bits-test (3 subtests) ==================
[14:47:38] [PASSED] genmask_test
[14:47:38] [PASSED] genmask_ull_test
[14:47:38] [PASSED] genmask_input_check_test
[14:47:38] ==================== [PASSED] bits-test ====================
[14:47:38] =================== cmdline (4 subtests) ===================
[14:47:38] [PASSED] cmdline_test_noint
[14:47:38] [PASSED] cmdline_test_lead_int
[14:47:38] [PASSED] cmdline_test_tail_int
[14:47:38] [PASSED] cmdline_test_range
[14:47:38] ===================== [PASSED] cmdline =====================
[14:47:38] ================== slub_test (6 subtests) ==================
[14:47:38] [PASSED] test_clobber_zone
[14:47:38] [PASSED] test_next_pointer
[14:47:38] [PASSED] test_first_word
[14:47:38] [PASSED] test_clobber_50th_byte
[14:47:38] [PASSED] test_clobber_redzone_free
[14:47:38] [PASSED] test_kmalloc_redzone_access
[14:47:38] ==================== [PASSED] slub_test ====================
[14:47:38] =================== memcpy (7 subtests) ====================
[14:47:38] [PASSED] memset_test
[14:47:38] [PASSED] memcpy_test
[14:47:38] [PASSED] memcpy_large_test
[14:47:39] [PASSED] memmove_test
[14:47:40] [PASSED] memmove_large_test
[14:47:40] [PASSED] memmove_overlap_test
[14:47:40] [PASSED] strtomem_test
[14:47:40] ===================== [PASSED] memcpy ======================
[14:47:40] ================ is_signed_type (1 subtest) ================
[14:47:40] [PASSED] is_signed_type_test
[14:47:40] ================= [PASSED] is_signed_type ==================
[14:47:40] ================== overflow (21 subtests) ==================
[14:47:40] [PASSED] u8_u8__u8_overflow_test
[14:47:40] [PASSED] s8_s8__s8_overflow_test
[14:47:40] [PASSED] u16_u16__u16_overflow_test
[14:47:40] [PASSED] s16_s16__s16_overflow_test
[14:47:40] [PASSED] u32_u32__u32_overflow_test
[14:47:40] [PASSED] s32_s32__s32_overflow_test
[14:47:40] [PASSED] u64_u64__u64_overflow_test
[14:47:40] [PASSED] s64_s64__s64_overflow_test
[14:47:40] [PASSED] u32_u32__int_overflow_test
[14:47:40] [PASSED] u32_u32__u8_overflow_test
[14:47:40] [PASSED] u8_u8__int_overflow_test
[14:47:40] [PASSED] int_int__u8_overflow_test
[14:47:40] [PASSED] shift_sane_test
[14:47:40] [PASSED] shift_overflow_test
[14:47:40] [PASSED] shift_truncate_test
[14:47:40] [PASSED] shift_nonsense_test
[14:47:40] [PASSED] overflow_allocation_test
[14:47:40] [PASSED] overflow_size_helpers_test
[14:47:40] [PASSED] overflows_type_test
[14:47:40] [PASSED] same_type_test
[14:47:40] [PASSED] castable_to_type_test
[14:47:40] ==================== [PASSED] overflow =====================
[14:47:40] ================= stackinit (65 subtests) ==================
[14:47:40] [PASSED] test_u8_zero
[14:47:40] [PASSED] test_u16_zero
[14:47:40] [PASSED] test_u32_zero
[14:47:40] [PASSED] test_u64_zero
[14:47:40] [PASSED] test_char_array_zero
[14:47:40] [PASSED] test_small_hole_zero
[14:47:40] [PASSED] test_big_hole_zero
[14:47:40] [PASSED] test_trailing_hole_zero
[14:47:40] [PASSED] test_packed_zero
[14:47:40] [PASSED] test_small_hole_dynamic_partial
[14:47:40] [PASSED] test_big_hole_dynamic_partial
[14:47:40] [PASSED] test_trailing_hole_dynamic_partial
[14:47:40] [PASSED] test_packed_dynamic_partial
[14:47:40] [PASSED] test_small_hole_assigned_dynamic_partial
[14:47:40] [PASSED] test_big_hole_assigned_dynamic_partial
[14:47:40] [PASSED] test_trailing_hole_assigned_dynamic_partial
[14:47:40] [PASSED] test_packed_assigned_dynamic_partial
[14:47:40] [PASSED] test_small_hole_static_partial
[14:47:40] [PASSED] test_big_hole_static_partial
[14:47:40] [PASSED] test_trailing_hole_static_partial
[14:47:40] [PASSED] test_packed_static_partial
[14:47:40] [PASSED] test_small_hole_static_all
[14:47:40] [PASSED] test_big_hole_static_all
[14:47:40] [PASSED] test_trailing_hole_static_all
[14:47:40] [PASSED] test_packed_static_all
[14:47:40] [PASSED] test_small_hole_dynamic_all
[14:47:40] [PASSED] test_big_hole_dynamic_all
[14:47:40] [PASSED] test_trailing_hole_dynamic_all
[14:47:40] [PASSED] test_packed_dynamic_all
[14:47:40] [PASSED] test_small_hole_runtime_partial
[14:47:40] [PASSED] test_big_hole_runtime_partial
[14:47:40] [PASSED] test_trailing_hole_runtime_partial
[14:47:40] [PASSED] test_packed_runtime_partial
[14:47:40] [PASSED] test_small_hole_runtime_all
[14:47:40] [PASSED] test_big_hole_runtime_all
[14:47:40] [PASSED] test_trailing_hole_runtime_all
[14:47:40] [PASSED] test_packed_runtime_all
[14:47:40] [PASSED] test_small_hole_assigned_static_partial
[14:47:40] [PASSED] test_big_hole_assigned_static_partial
[14:47:40] [PASSED] test_trailing_hole_assigned_static_partial
[14:47:40] [PASSED] test_packed_assigned_static_partial
[14:47:40] [PASSED] test_small_hole_assigned_static_all
[14:47:40] [PASSED] test_big_hole_assigned_static_all
[14:47:40] [PASSED] test_trailing_hole_assigned_static_all
[14:47:40] [PASSED] test_packed_assigned_static_all
[14:47:40] [PASSED] test_small_hole_assigned_dynamic_all
[14:47:40] [PASSED] test_big_hole_assigned_dynamic_all
[14:47:40] [PASSED] test_trailing_hole_assigned_dynamic_all
[14:47:40] [PASSED] test_packed_assigned_dynamic_all
[14:47:40] [SKIPPED] test_small_hole_assigned_copy
[14:47:40] [SKIPPED] test_big_hole_assigned_copy
[14:47:40] [SKIPPED] test_trailing_hole_assigned_copy
[14:47:40] [PASSED] test_packed_assigned_copy
[14:47:40] [PASSED] test_u8_none
[14:47:40] [PASSED] test_u16_none
[14:47:40] [PASSED] test_u32_none
[14:47:40] [PASSED] test_u64_none
[14:47:40] [PASSED] test_char_array_none
[14:47:40] [SKIPPED] test_switch_1_none
[14:47:40] [SKIPPED] test_switch_2_none
[14:47:40] [PASSED] test_small_hole_none
[14:47:40] [PASSED] test_big_hole_none
[14:47:40] [PASSED] test_trailing_hole_none
[14:47:40] [PASSED] test_packed_none
[14:47:40] [PASSED] test_user
[14:47:40] ==================== [PASSED] stackinit ====================
[14:47:40] =================== strscpy (1 subtest) ====================
[14:47:40] [PASSED] strscpy_test
[14:47:40] ===================== [PASSED] strscpy =====================
[14:47:40] =================== siphash (1 subtest) ====================
[14:47:40] [PASSED] siphash_test
[14:47:40] ===================== [PASSED] siphash =====================
[14:47:40] =============== qos-kunit-test (3 subtests) ================
[14:47:40] [PASSED] freq_qos_test_min
[14:47:40] [PASSED] freq_qos_test_maxdef
[14:47:40] [PASSED] freq_qos_test_readd
[14:47:40] ================= [PASSED] qos-kunit-test ==================
[14:47:40] =============== property-entry (7 subtests) ================
[14:47:40] [PASSED] pe_test_uints
[14:47:40] [PASSED] pe_test_uint_arrays
[14:47:40] [PASSED] pe_test_strings
[14:47:40] [PASSED] pe_test_bool
[14:47:40] [PASSED] pe_test_move_inline_u8
[14:47:40] [PASSED] pe_test_move_inline_str
[14:47:40] [PASSED] pe_test_reference
[14:47:40] ================= [PASSED] property-entry ==================
[14:47:40] ============================================================
[14:47:40] Testing complete. Ran 226 tests: passed: 219, skipped: 7
[14:47:40] Elapsed time: 13.057s total, 1.635s configuring, 9.154s building, 2.245s running

