[15:56:05] Configuring KUnit Kernel ...
Generating .config ...
Populating config with:
$ make ARCH=um O=.kunit olddefconfig
[15:56:07] Building KUnit Kernel ...
Populating config with:
$ make ARCH=um O=.kunit olddefconfig
Building with:
$ make ARCH=um O=.kunit --jobs=32
/usr/bin/ld: warning: .tmp_vmlinux.kallsyms1 has a LOAD segment with RWX permissions
/usr/bin/ld: warning: .tmp_vmlinux.kallsyms2 has a LOAD segment with RWX permissions
/usr/bin/ld: warning: vmlinux has a LOAD segment with RWX permissions

[15:56:15] Starting KUnit Kernel (1/1)...
[15:56:15] ============================================================
[15:56:16] =============== time_test_cases (1 subtest) ================
[15:56:16] [PASSED] time64_to_tm_test_date_range
[15:56:16] ================= [PASSED] time_test_cases =================
[15:56:16] ================== resource (2 subtests) ===================
[15:56:16] [PASSED] resource_test_union
[15:56:16] [PASSED] resource_test_intersection
[15:56:16] ==================== [PASSED] resource =====================
[15:56:16] ================ sysctl_test (10 subtests) =================
[15:56:16] [PASSED] sysctl_test_api_dointvec_null_tbl_data
[15:56:16] [PASSED] sysctl_test_api_dointvec_table_maxlen_unset
[15:56:16] [PASSED] sysctl_test_api_dointvec_table_len_is_zero
[15:56:16] [PASSED] sysctl_test_api_dointvec_table_read_but_position_set
[15:56:16] [PASSED] sysctl_test_dointvec_read_happy_single_positive
[15:56:16] [PASSED] sysctl_test_dointvec_read_happy_single_negative
[15:56:16] [PASSED] sysctl_test_dointvec_write_happy_single_positive
[15:56:16] [PASSED] sysctl_test_dointvec_write_happy_single_negative
[15:56:16] [PASSED] sysctl_test_api_dointvec_write_single_less_int_min
[15:56:16] [PASSED] sysctl_test_api_dointvec_write_single_greater_int_max
[15:56:16] =================== [PASSED] sysctl_test ===================
[15:56:16] ================== binfmt_elf (1 subtest) ==================
[15:56:16] [PASSED] total_mapping_size_test
[15:56:16] =================== [PASSED] binfmt_elf ====================
[15:56:16] =================== cpumask (6 subtests) ===================
[15:56:16] [PASSED] test_cpumask_weight
[15:56:16] [PASSED] test_cpumask_first
[15:56:16] [PASSED] test_cpumask_last
[15:56:16] [PASSED] test_cpumask_next
[15:56:16] [PASSED] test_cpumask_iterators
[15:56:16] [PASSED] test_cpumask_iterators_builtin
[15:56:16] ===================== [PASSED] cpumask =====================
[15:56:16] ==================== hash (2 subtests) =====================
[15:56:16] [PASSED] test_string_or
[15:56:16] [PASSED] test_hash_or
[15:56:16] ====================== [PASSED] hash =======================
[15:56:16] ================== list_sort (1 subtest) ===================
[15:56:16] [PASSED] list_sort_test
[15:56:16] ==================== [PASSED] list_sort ====================
[15:56:16] =================== lib_sort (1 subtest) ===================
[15:56:16] [PASSED] test_sort
[15:56:16] ==================== [PASSED] lib_sort =====================
[15:56:16] ============= kunit_executor_test (4 subtests) =============
[15:56:16] [PASSED] parse_filter_test
[15:56:16] [PASSED] filter_suites_test
[15:56:16] [PASSED] filter_suites_test_glob_test
[15:56:16] [PASSED] filter_suites_to_empty_test
[15:56:16] =============== [PASSED] kunit_executor_test ===============
[15:56:16] ============ kunit-try-catch-test (2 subtests) =============
[15:56:16] [PASSED] kunit_test_try_catch_successful_try_no_catch
[15:56:16] [PASSED] kunit_test_try_catch_unsuccessful_try_does_catch
[15:56:16] ============== [PASSED] kunit-try-catch-test ===============
[15:56:16] ============= kunit-resource-test (8 subtests) =============
[15:56:16] [PASSED] kunit_resource_test_init_resources
[15:56:16] [PASSED] kunit_resource_test_alloc_resource
[15:56:16] [PASSED] kunit_resource_test_destroy_resource
[15:56:16] [PASSED] kunit_resource_test_remove_resource
[15:56:16] [PASSED] kunit_resource_test_cleanup_resources
[15:56:16] [PASSED] kunit_resource_test_proper_free_ordering
[15:56:16] [PASSED] kunit_resource_test_static
[15:56:16] [PASSED] kunit_resource_test_named
[15:56:16] =============== [PASSED] kunit-resource-test ===============
[15:56:16] ================ kunit-log-test (1 subtest) ================
[15:56:16] [PASSED] kunit_log_test
[15:56:16] ================= [PASSED] kunit-log-test ==================
[15:56:16] ================ kunit_status (2 subtests) =================
[15:56:16] [PASSED] kunit_status_set_failure_test
[15:56:16] [PASSED] kunit_status_mark_skipped_test
[15:56:16] ================== [PASSED] kunit_status ===================
[15:56:16] ============= string-stream-test (3 subtests) ==============
[15:56:16] [PASSED] string_stream_test_empty_on_creation
[15:56:16] [PASSED] string_stream_test_not_empty_after_add
[15:56:16] [PASSED] string_stream_test_get_string
[15:56:16] =============== [PASSED] string-stream-test ================
[15:56:16] =================== example (4 subtests) ===================
[15:56:16] [PASSED] example_simple_test
[15:56:16] [SKIPPED] example_skip_test
[15:56:16] [SKIPPED] example_mark_skipped_test
[15:56:16] [PASSED] example_all_expect_macros_test
[15:56:16] ===================== [PASSED] example =====================
[15:56:16] ================== bitfields (2 subtests) ==================
[15:56:16] [PASSED] test_bitfields_constants
[15:56:16] [PASSED] test_bitfields_variables
[15:56:16] ==================== [PASSED] bitfields ====================
[15:56:16] ============== list-kunit-test (39 subtests) ===============
[15:56:16] [PASSED] list_test_list_init
[15:56:16] [PASSED] list_test_list_add
[15:56:16] [PASSED] list_test_list_add_tail
[15:56:16] [PASSED] list_test_list_del
[15:56:16] [PASSED] list_test_list_replace
[15:56:16] [PASSED] list_test_list_replace_init
[15:56:16] [PASSED] list_test_list_swap
[15:56:16] [PASSED] list_test_list_del_init
[15:56:16] [PASSED] list_test_list_del_init_careful
[15:56:16] [PASSED] list_test_list_move
[15:56:16] [PASSED] list_test_list_move_tail
[15:56:16] [PASSED] list_test_list_bulk_move_tail
[15:56:16] [PASSED] list_test_list_is_head
[15:56:16] [PASSED] list_test_list_is_first
[15:56:16] [PASSED] list_test_list_is_last
[15:56:16] [PASSED] list_test_list_empty
[15:56:16] [PASSED] list_test_list_empty_careful
[15:56:16] [PASSED] list_test_list_rotate_left
[15:56:16] [PASSED] list_test_list_rotate_to_front
[15:56:16] [PASSED] list_test_list_is_singular
[15:56:16] [PASSED] list_test_list_cut_position
[15:56:16] [PASSED] list_test_list_cut_before
[15:56:16] [PASSED] list_test_list_splice
[15:56:16] [PASSED] list_test_list_splice_tail
[15:56:16] [PASSED] list_test_list_splice_init
[15:56:16] [PASSED] list_test_list_splice_tail_init
[15:56:16] [PASSED] list_test_list_entry
[15:56:16] [PASSED] list_test_list_entry_is_head
[15:56:16] [PASSED] list_test_list_first_entry
[15:56:16] [PASSED] list_test_list_last_entry
[15:56:16] [PASSED] list_test_list_first_entry_or_null
[15:56:16] [PASSED] list_test_list_next_entry
[15:56:16] [PASSED] list_test_list_prev_entry
[15:56:16] [PASSED] list_test_list_for_each
[15:56:16] [PASSED] list_test_list_for_each_prev
[15:56:16] [PASSED] list_test_list_for_each_safe
[15:56:16] [PASSED] list_test_list_for_each_prev_safe
[15:56:16] [PASSED] list_test_list_for_each_entry
[15:56:16] [PASSED] list_test_list_for_each_entry_reverse
[15:56:16] ================= [PASSED] list-kunit-test =================
[15:56:16] =================== hlist (18 subtests) ====================
[15:56:16] [PASSED] hlist_test_init
[15:56:16] [PASSED] hlist_test_unhashed
[15:56:16] [PASSED] hlist_test_unhashed_lockless
[15:56:16] [PASSED] hlist_test_del
[15:56:16] [PASSED] hlist_test_del_init
[15:56:16] [PASSED] hlist_test_add
[15:56:16] [PASSED] hlist_test_fake
[15:56:16] [PASSED] hlist_test_is_singular_node
[15:56:16] [PASSED] hlist_test_empty
[15:56:16] [PASSED] hlist_test_move_list
[15:56:16] [PASSED] hlist_test_entry
[15:56:16] [PASSED] hlist_test_entry_safe
[15:56:16] [PASSED] hlist_test_for_each
[15:56:16] [PASSED] hlist_test_for_each_safe
[15:56:16] [PASSED] hlist_test_for_each_entry
[15:56:16] [PASSED] hlist_test_for_each_entry_continue
[15:56:16] [PASSED] hlist_test_for_each_entry_from
[15:56:16] [PASSED] hlist_test_for_each_entry_safe
[15:56:16] ====================== [PASSED] hlist ======================
[15:56:16] ================== bits-test (3 subtests) ==================
[15:56:16] [PASSED] genmask_test
[15:56:16] [PASSED] genmask_ull_test
[15:56:16] [PASSED] genmask_input_check_test
[15:56:16] ==================== [PASSED] bits-test ====================
[15:56:16] =================== cmdline (4 subtests) ===================
[15:56:16] [PASSED] cmdline_test_noint
[15:56:16] [PASSED] cmdline_test_lead_int
[15:56:16] [PASSED] cmdline_test_tail_int
[15:56:16] [PASSED] cmdline_test_range
[15:56:16] ===================== [PASSED] cmdline =====================
[15:56:16] ================== slub_test (6 subtests) ==================
[15:56:16] [PASSED] test_clobber_zone
[15:56:16] [PASSED] test_next_pointer
[15:56:16] [PASSED] test_first_word
[15:56:16] [PASSED] test_clobber_50th_byte
[15:56:16] [PASSED] test_clobber_redzone_free
[15:56:16] [PASSED] test_kmalloc_redzone_access
[15:56:16] ==================== [PASSED] slub_test ====================
[15:56:16] =================== memcpy (7 subtests) ====================
[15:56:16] [PASSED] memset_test
[15:56:16] [PASSED] memcpy_test
[15:56:16] [PASSED] memcpy_large_test
[15:56:17] [PASSED] memmove_test
[15:56:18] [PASSED] memmove_large_test
[15:56:18] [PASSED] memmove_overlap_test
[15:56:18] [PASSED] strtomem_test
[15:56:18] ===================== [PASSED] memcpy ======================
[15:56:18] ================ is_signed_type (1 subtest) ================
[15:56:18] [PASSED] is_signed_type_test
[15:56:18] ================= [PASSED] is_signed_type ==================
[15:56:18] ================== overflow (21 subtests) ==================
[15:56:18] [PASSED] u8_u8__u8_overflow_test
[15:56:18] [PASSED] s8_s8__s8_overflow_test
[15:56:18] [PASSED] u16_u16__u16_overflow_test
[15:56:18] [PASSED] s16_s16__s16_overflow_test
[15:56:18] [PASSED] u32_u32__u32_overflow_test
[15:56:18] [PASSED] s32_s32__s32_overflow_test
[15:56:18] [PASSED] u64_u64__u64_overflow_test
[15:56:18] [PASSED] s64_s64__s64_overflow_test
[15:56:18] [PASSED] u32_u32__int_overflow_test
[15:56:18] [PASSED] u32_u32__u8_overflow_test
[15:56:18] [PASSED] u8_u8__int_overflow_test
[15:56:18] [PASSED] int_int__u8_overflow_test
[15:56:18] [PASSED] shift_sane_test
[15:56:18] [PASSED] shift_overflow_test
[15:56:18] [PASSED] shift_truncate_test
[15:56:18] [PASSED] shift_nonsense_test
[15:56:18] [PASSED] overflow_allocation_test
[15:56:18] [PASSED] overflow_size_helpers_test
[15:56:18] [PASSED] overflows_type_test
[15:56:18] [PASSED] same_type_test
[15:56:18] [PASSED] castable_to_type_test
[15:56:18] ==================== [PASSED] overflow =====================
[15:56:18] ================= stackinit (65 subtests) ==================
[15:56:18] [PASSED] test_u8_zero
[15:56:18] [PASSED] test_u16_zero
[15:56:18] [PASSED] test_u32_zero
[15:56:18] [PASSED] test_u64_zero
[15:56:18] [PASSED] test_char_array_zero
[15:56:18] [PASSED] test_small_hole_zero
[15:56:18] [PASSED] test_big_hole_zero
[15:56:18] [PASSED] test_trailing_hole_zero
[15:56:18] [PASSED] test_packed_zero
[15:56:18] [PASSED] test_small_hole_dynamic_partial
[15:56:18] [PASSED] test_big_hole_dynamic_partial
[15:56:18] [PASSED] test_trailing_hole_dynamic_partial
[15:56:18] [PASSED] test_packed_dynamic_partial
[15:56:18] [PASSED] test_small_hole_assigned_dynamic_partial
[15:56:18] [PASSED] test_big_hole_assigned_dynamic_partial
[15:56:18] [PASSED] test_trailing_hole_assigned_dynamic_partial
[15:56:18] [PASSED] test_packed_assigned_dynamic_partial
[15:56:18] [PASSED] test_small_hole_static_partial
[15:56:18] [PASSED] test_big_hole_static_partial
[15:56:18] [PASSED] test_trailing_hole_static_partial
[15:56:18] [PASSED] test_packed_static_partial
[15:56:18] [PASSED] test_small_hole_static_all
[15:56:18] [PASSED] test_big_hole_static_all
[15:56:18] [PASSED] test_trailing_hole_static_all
[15:56:18] [PASSED] test_packed_static_all
[15:56:18] [PASSED] test_small_hole_dynamic_all
[15:56:18] [PASSED] test_big_hole_dynamic_all
[15:56:18] [PASSED] test_trailing_hole_dynamic_all
[15:56:18] [PASSED] test_packed_dynamic_all
[15:56:18] [PASSED] test_small_hole_runtime_partial
[15:56:18] [PASSED] test_big_hole_runtime_partial
[15:56:18] [PASSED] test_trailing_hole_runtime_partial
[15:56:18] [PASSED] test_packed_runtime_partial
[15:56:18] [PASSED] test_small_hole_runtime_all
[15:56:18] [PASSED] test_big_hole_runtime_all
[15:56:18] [PASSED] test_trailing_hole_runtime_all
[15:56:18] [PASSED] test_packed_runtime_all
[15:56:18] [PASSED] test_small_hole_assigned_static_partial
[15:56:18] [PASSED] test_big_hole_assigned_static_partial
[15:56:18] [PASSED] test_trailing_hole_assigned_static_partial
[15:56:18] [PASSED] test_packed_assigned_static_partial
[15:56:18] [PASSED] test_small_hole_assigned_static_all
[15:56:18] [PASSED] test_big_hole_assigned_static_all
[15:56:18] [PASSED] test_trailing_hole_assigned_static_all
[15:56:18] [PASSED] test_packed_assigned_static_all
[15:56:18] [PASSED] test_small_hole_assigned_dynamic_all
[15:56:18] [PASSED] test_big_hole_assigned_dynamic_all
[15:56:18] [PASSED] test_trailing_hole_assigned_dynamic_all
[15:56:18] [PASSED] test_packed_assigned_dynamic_all
[15:56:18] [SKIPPED] test_small_hole_assigned_copy
[15:56:18] [SKIPPED] test_big_hole_assigned_copy
[15:56:18] [SKIPPED] test_trailing_hole_assigned_copy
[15:56:18] [PASSED] test_packed_assigned_copy
[15:56:18] [PASSED] test_u8_none
[15:56:18] [PASSED] test_u16_none
[15:56:18] [PASSED] test_u32_none
[15:56:18] [PASSED] test_u64_none
[15:56:18] [PASSED] test_char_array_none
[15:56:18] [SKIPPED] test_switch_1_none
[15:56:18] [SKIPPED] test_switch_2_none
[15:56:18] [PASSED] test_small_hole_none
[15:56:18] [PASSED] test_big_hole_none
[15:56:18] [PASSED] test_trailing_hole_none
[15:56:18] [PASSED] test_packed_none
[15:56:18] [PASSED] test_user
[15:56:18] ==================== [PASSED] stackinit ====================
[15:56:18] =================== strscpy (1 subtest) ====================
[15:56:18] [PASSED] strscpy_test
[15:56:18] ===================== [PASSED] strscpy =====================
[15:56:18] =================== siphash (1 subtest) ====================
[15:56:18] [PASSED] siphash_test
[15:56:18] ===================== [PASSED] siphash =====================
[15:56:18] =============== qos-kunit-test (3 subtests) ================
[15:56:18] [PASSED] freq_qos_test_min
[15:56:18] [PASSED] freq_qos_test_maxdef
[15:56:18] [PASSED] freq_qos_test_readd
[15:56:18] ================= [PASSED] qos-kunit-test ==================
[15:56:18] =============== property-entry (7 subtests) ================
[15:56:18] [PASSED] pe_test_uints
[15:56:18] [PASSED] pe_test_uint_arrays
[15:56:18] [PASSED] pe_test_strings
[15:56:18] [PASSED] pe_test_bool
[15:56:18] [PASSED] pe_test_move_inline_u8
[15:56:18] [PASSED] pe_test_move_inline_str
[15:56:18] [PASSED] pe_test_reference
[15:56:18] ================= [PASSED] property-entry ==================
[15:56:18] ============================================================
[15:56:18] Testing complete. Ran 226 tests: passed: 219, skipped: 7
[15:56:18] Elapsed time: 12.805s total, 1.626s configuring, 8.911s building, 2.232s running

